<?xml version="1.0" encoding="UTF-8"?>
<!-- Generated by org.testng.reporters.JUnitReportReporter -->
<testsuite skipped="0" hostname="LAPTOP-LUGOE8VU" name="com.qa.hubspot.tests.LoginTest" tests="3" failures="0" timestamp="26 Feb 2019 07:13:15 GMT" time="41.624" errors="0">
  <testcase name="verifyLoginPageTitleTest" time="15.692" classname="com.qa.hubspot.tests.LoginTest"/>
  <testcase name="verifySignUpLinkTest" time="10.748" classname="com.qa.hubspot.tests.LoginTest"/>
  <testcase name="loginCorrectCredentialsTest" time="15.184" classname="com.qa.hubspot.tests.LoginTest"/>
</testsuite> <!-- com.qa.hubspot.tests.LoginTest -->
