<?xml version="1.0" encoding="UTF-8"?>
<!-- Generated by org.testng.reporters.JUnitReportReporter -->
<testsuite skipped="0" hostname="LAPTOP-LUGOE8VU" name="com.qa.hubspot.tests.HomePageTest" tests="3" failures="0" timestamp="26 Feb 2019 07:10:43 GMT" time="91.630" errors="0">
  <testcase name="verifyHomePageHeaderTest" time="25.715" classname="com.qa.hubspot.tests.HomePageTest"/>
  <testcase name="verifyContactsLinkTest" time="42.436" classname="com.qa.hubspot.tests.HomePageTest"/>
  <testcase name="verifyHomePageTitleTest" time="23.479" classname="com.qa.hubspot.tests.HomePageTest"/>
</testsuite> <!-- com.qa.hubspot.tests.HomePageTest -->
