<?xml version="1.0" encoding="UTF-8"?>
<!-- Generated by org.testng.reporters.JUnitReportReporter -->
<testsuite skipped="0" hostname="LAPTOP-LUGOE8VU" name="com.qa.hubspot.tests.LoginTest" tests="3" failures="0" timestamp="26 Feb 2019 08:15:48 GMT" time="38.915" errors="0">
  <testcase name="verifyLoginPageTitleTest" time="10.218" classname="com.qa.hubspot.tests.LoginTest"/>
  <testcase name="verifySignUpLinkTest" time="10.181" classname="com.qa.hubspot.tests.LoginTest"/>
  <testcase name="loginCorrectCredentialsTest" time="18.516" classname="com.qa.hubspot.tests.LoginTest"/>
</testsuite> <!-- com.qa.hubspot.tests.LoginTest -->
